This is pdfTeX, Version 3.14159265-2.6-1.40.21 (TeX Live 2020/Arch Linux) (preloaded format=pdflatex 2020.9.22)  12 NOV 2020 13:16
entering extended mode
 \write18 enabled.
 %&-line parsing enabled.
**main.tex
(./main.tex
LaTeX2e <2020-02-02> patch level 5
L3 programming layer <2020-06-03>
\@input{definitions.aux}
(./definitions.tex (/usr/share/texmf-dist/tex/latex/base/article.cls
Document Class: article 2019/12/20 v1.4l Standard LaTeX document class
(/usr/share/texmf-dist/tex/latex/base/size11.clo
File: size11.clo 2019/12/20 v1.4l Standard LaTeX file (size option)
)
\c@part=\count167
\c@section=\count168
\c@subsection=\count169
\c@subsubsection=\count170
\c@paragraph=\count171
\c@subparagraph=\count172
\c@figure=\count173
\c@table=\count174
\abovecaptionskip=\skip47
\belowcaptionskip=\skip48
\bibindent=\dimen134
)
(/usr/share/texmf-dist/tex/latex/base/inputenc.sty
Package: inputenc 2018/08/11 v1.3c Input encoding file
\inpenc@prehook=\toks15
\inpenc@posthook=\toks16
)
(/usr/share/texmf-dist/tex/latex/psnfss/courier.sty
Package: courier 2020/03/25 PSNFSS-v9.3 (WaS) 
)
(/usr/share/texmf-dist/tex/latex/tex-gyre/tgheros.sty
Package: tgheros 2009/09/27 v1.2 TeX Gyre Heros as default sans serif family

(/usr/share/texmf-dist/tex/latex/kvoptions/kvoptions.sty
Package: kvoptions 2019/11/29 v3.13 Key value format for package options (HO)

(/usr/share/texmf-dist/tex/latex/graphics/keyval.sty
Package: keyval 2014/10/28 v1.15 key=value parser (DPC)
\KV@toks@=\toks17
)
(/usr/share/texmf-dist/tex/generic/ltxcmds/ltxcmds.sty
Package: ltxcmds 2019/12/15 v1.24 LaTeX kernel commands for general use (HO)
)
(/usr/share/texmf-dist/tex/generic/kvsetkeys/kvsetkeys.sty
Package: kvsetkeys 2019/12/15 v1.18 Key value parser (HO)
)))
(/usr/share/texmf-dist/tex/latex/listings/listings.sty
\lst@mode=\count175
\lst@gtempboxa=\box45
\lst@token=\toks18
\lst@length=\count176
\lst@currlwidth=\dimen135
\lst@column=\count177
\lst@pos=\count178
\lst@lostspace=\dimen136
\lst@width=\dimen137
\lst@newlines=\count179
\lst@lineno=\count180
\lst@maxwidth=\dimen138

(/usr/share/texmf-dist/tex/latex/listings/lstmisc.sty
File: lstmisc.sty 2020/03/24 1.8d (Carsten Heinz)
\c@lstnumber=\count181
\lst@skipnumbers=\count182
\lst@framebox=\box46
)
(/usr/share/texmf-dist/tex/latex/listings/listings.cfg
File: listings.cfg 2020/03/24 1.8d listings configuration
))
Package: listings 2020/03/24 1.8d (Carsten Heinz)

(/usr/share/texmf-dist/tex/latex/caption/caption.sty
Package: caption 2020/05/10 v3.4j Customizing captions (AR)

(/usr/share/texmf-dist/tex/latex/caption/caption3.sty
Package: caption3 2020/05/10 v1.11 caption3 kernel (AR)
Package caption3 Info: TeX engine: e-TeX on input line 61.
\captionmargin=\dimen139
\captionmargin@=\dimen140
\captionwidth=\dimen141
\caption@tempdima=\dimen142
\caption@indent=\dimen143
\caption@parindent=\dimen144
\caption@hangindent=\dimen145
Package caption Info: Standard document class detected.
)
\c@caption@flags=\count183
\c@continuedfloat=\count184
Package caption Info: listings package is loaded.
)
(/usr/share/texmf-dist/tex/latex/graphics/graphicx.sty
Package: graphicx 2019/11/30 v1.2a Enhanced LaTeX Graphics (DPC,SPQR)

(/usr/share/texmf-dist/tex/latex/graphics/graphics.sty
Package: graphics 2019/11/30 v1.4a Standard LaTeX Graphics (DPC,SPQR)

(/usr/share/texmf-dist/tex/latex/graphics/trig.sty
Package: trig 2016/01/03 v1.10 sin cos tan (DPC)
)
(/usr/share/texmf-dist/tex/latex/graphics-cfg/graphics.cfg
File: graphics.cfg 2016/06/04 v1.11 sample graphics configuration
)
Package graphics Info: Driver file: pdftex.def on input line 105.

(/usr/share/texmf-dist/tex/latex/graphics-def/pdftex.def
File: pdftex.def 2018/01/08 v1.0l Graphics/color driver for pdftex
))
\Gin@req@height=\dimen146
\Gin@req@width=\dimen147
)
(/usr/share/texmf-dist/tex/latex/biblatex/biblatex.sty
Package: biblatex 2019/12/01 v3.14 programmable bibliographies (PK/MW)

(/usr/share/texmf-dist/tex/latex/pdftexcmds/pdftexcmds.sty
Package: pdftexcmds 2020-06-04 v0.32 Utility functions of pdfTeX for LuaTeX (HO
)

(/usr/share/texmf-dist/tex/generic/infwarerr/infwarerr.sty
Package: infwarerr 2019/12/03 v1.5 Providing info/warning/error messages (HO)
)
(/usr/share/texmf-dist/tex/generic/iftex/iftex.sty
Package: iftex 2020/03/06 v1.0d TeX engine tests
)
Package pdftexcmds Info: \pdf@primitive is available.
Package pdftexcmds Info: \pdf@ifprimitive is available.
Package pdftexcmds Info: \pdfdraftmode found.
)
(/usr/share/texmf-dist/tex/latex/etoolbox/etoolbox.sty
Package: etoolbox 2019/09/21 v2.5h e-TeX tools for LaTeX (JAW)
\etb@tempcnta=\count185
)
(/usr/share/texmf-dist/tex/latex/logreq/logreq.sty
Package: logreq 2010/08/04 v1.0 xml request logger
\lrq@indent=\count186

(/usr/share/texmf-dist/tex/latex/logreq/logreq.def
File: logreq.def 2010/08/04 v1.0 logreq spec v1.0
))
(/usr/share/texmf-dist/tex/latex/base/ifthen.sty
Package: ifthen 2014/09/29 v1.1c Standard LaTeX ifthen package (DPC)
)
(/usr/share/texmf-dist/tex/latex/url/url.sty
\Urlmuskip=\muskip16
Package: url 2013/09/16  ver 3.4  Verb mode for urls, etc.
)
\c@tabx@nest=\count187
\c@listtotal=\count188
\c@listcount=\count189
\c@liststart=\count190
\c@liststop=\count191
\c@citecount=\count192
\c@citetotal=\count193
\c@multicitecount=\count194
\c@multicitetotal=\count195
\c@instcount=\count196
\c@maxnames=\count197
\c@minnames=\count198
\c@maxitems=\count199
\c@minitems=\count266
\c@citecounter=\count267
\c@maxcitecounter=\count268
\c@savedcitecounter=\count269
\c@uniquelist=\count270
\c@uniquename=\count271
\c@refsection=\count272
\c@refsegment=\count273
\c@maxextratitle=\count274
\c@maxextratitleyear=\count275
\c@maxextraname=\count276
\c@maxextradate=\count277
\c@maxextraalpha=\count278
\c@abbrvpenalty=\count279
\c@highnamepenalty=\count280
\c@lownamepenalty=\count281
\c@maxparens=\count282
\c@parenlevel=\count283
\blx@tempcnta=\count284
\blx@tempcntb=\count285
\blx@tempcntc=\count286
\blx@maxsection=\count287
\blx@maxsegment@0=\count288
\blx@notetype=\count289
\blx@parenlevel@text=\count290
\blx@parenlevel@foot=\count291
\blx@sectionciteorder@0=\count292
\blx@entrysetcounter=\count293
\labelnumberwidth=\skip49
\labelalphawidth=\skip50
\biblabelsep=\skip51
\bibitemsep=\skip52
\bibnamesep=\skip53
\bibinitsep=\skip54
\bibparsep=\skip55
\bibhang=\skip56
\blx@bcfin=\read2
\blx@bcfout=\write3
\blx@langwohyphens=\language86
\c@mincomprange=\count294
\c@maxcomprange=\count295
\c@mincompwidth=\count296
Package biblatex Info: Trying to load biblatex default data model...
Package biblatex Info: ... file 'blx-dm.def' found.

(/usr/share/texmf-dist/tex/latex/biblatex/blx-dm.def
File: blx-dm.def 2019/12/01 v3.14 biblatex localization (PK/MW)
)
Package biblatex Info: Trying to load biblatex style data model...
Package biblatex Info: ... file 'verbose-trad2.dbx' not found.
Package biblatex Info: Trying to load biblatex custom data model...
Package biblatex Info: ... file 'biblatex-dm.cfg' not found.
\c@afterword=\count297
\c@savedafterword=\count298
\c@annotator=\count299
\c@savedannotator=\count300
\c@author=\count301
\c@savedauthor=\count302
\c@bookauthor=\count303
\c@savedbookauthor=\count304
\c@commentator=\count305
\c@savedcommentator=\count306
\c@editor=\count307
\c@savededitor=\count308
\c@editora=\count309
\c@savededitora=\count310
\c@editorb=\count311
\c@savededitorb=\count312
\c@editorc=\count313
\c@savededitorc=\count314
\c@foreword=\count315
\c@savedforeword=\count316
\c@holder=\count317
\c@savedholder=\count318
\c@introduction=\count319
\c@savedintroduction=\count320
\c@namea=\count321
\c@savednamea=\count322
\c@nameb=\count323
\c@savednameb=\count324
\c@namec=\count325
\c@savednamec=\count326
\c@translator=\count327
\c@savedtranslator=\count328
\c@shortauthor=\count329
\c@savedshortauthor=\count330
\c@shorteditor=\count331
\c@savedshorteditor=\count332
\c@labelname=\count333
\c@savedlabelname=\count334
\c@institution=\count335
\c@savedinstitution=\count336
\c@lista=\count337
\c@savedlista=\count338
\c@listb=\count339
\c@savedlistb=\count340
\c@listc=\count341
\c@savedlistc=\count342
\c@listd=\count343
\c@savedlistd=\count344
\c@liste=\count345
\c@savedliste=\count346
\c@listf=\count347
\c@savedlistf=\count348
\c@location=\count349
\c@savedlocation=\count350
\c@organization=\count351
\c@savedorganization=\count352
\c@origlocation=\count353
\c@savedoriglocation=\count354
\c@origpublisher=\count355
\c@savedorigpublisher=\count356
\c@publisher=\count357
\c@savedpublisher=\count358
\c@language=\count359
\c@savedlanguage=\count360
\c@origlanguage=\count361
\c@savedoriglanguage=\count362
\c@pageref=\count363
\c@savedpageref=\count364
\shorthandwidth=\skip57
\shortjournalwidth=\skip58
\shortserieswidth=\skip59
\shorttitlewidth=\skip60
\shortauthorwidth=\skip61
\shorteditorwidth=\skip62
\locallabelnumberwidth=\skip63
\locallabelalphawidth=\skip64
\localshorthandwidth=\skip65
\localshortjournalwidth=\skip66
\localshortserieswidth=\skip67
\localshorttitlewidth=\skip68
\localshortauthorwidth=\skip69
\localshorteditorwidth=\skip70
Package biblatex Info: Trying to load compatibility code...
Package biblatex Info: ... file 'blx-compat.def' found.

(/usr/share/texmf-dist/tex/latex/biblatex/blx-compat.def
File: blx-compat.def 2019/12/01 v3.14 biblatex compatibility (PK/MW)
)
Package biblatex Info: Trying to load BibTeX backend compatibility...
Package biblatex Info: ... file 'blx-bibtex.def' found.

(/usr/share/texmf-dist/tex/latex/biblatex/blx-bibtex.def
File: blx-bibtex.def 2019/12/01 v3.14 biblatex compatibility (PK/MW)


Package biblatex Warning: Using fall-back BibTeX(8) backend:
(biblatex)                functionality may be reduced/unavailable.

)
Package biblatex Info: Trying to load generic definitions...
Package biblatex Info: ... file 'biblatex.def' found.
 (/usr/share/texmf-dist/tex/latex/biblatex/biblatex.def
File: biblatex.def 2019/12/01 v3.14 biblatex compatibility (PK/MW)
\c@textcitecount=\count365
\c@textcitetotal=\count366
\c@textcitemaxnames=\count367
\c@biburlbigbreakpenalty=\count368
\c@biburlbreakpenalty=\count369
\c@biburlnumpenalty=\count370
\c@biburlucpenalty=\count371
\c@biburllcpenalty=\count372
\biburlbigskip=\muskip17
\biburlnumskip=\muskip18
\biburlucskip=\muskip19
\biburllcskip=\muskip20
\c@smartand=\count373
)
Package biblatex Info: Trying to load bibliography style 'verbose-trad2'...
Package biblatex Info: ... file 'verbose-trad2.bbx' found.

(/usr/share/texmf-dist/tex/latex/biblatex/bbx/verbose-trad2.bbx
File: verbose-trad2.bbx 2019/12/01 v3.14 biblatex bibliography style (PK/MW)
Package biblatex Info: Trying to load bibliography style 'authortitle'...
Package biblatex Info: ... file 'authortitle.bbx' found.

(/usr/share/texmf-dist/tex/latex/biblatex/bbx/authortitle.bbx
File: authortitle.bbx 2019/12/01 v3.14 biblatex bibliography style (PK/MW)
Package biblatex Info: Trying to load bibliography style 'standard'...
Package biblatex Info: ... file 'standard.bbx' found.

(/usr/share/texmf-dist/tex/latex/biblatex/bbx/standard.bbx
File: standard.bbx 2019/12/01 v3.14 biblatex bibliography style (PK/MW)
\c@bbx:relatedcount=\count374
\c@bbx:relatedtotal=\count375
)))
Package biblatex Info: Trying to load citation style 'verbose-trad2'...
Package biblatex Info: ... file 'verbose-trad2.cbx' found.

(/usr/share/texmf-dist/tex/latex/biblatex/cbx/verbose-trad2.cbx
File: verbose-trad2.cbx 2019/12/01 v3.14 biblatex citation style (PK/MW)
Package biblatex Info: Redefining '\cite'.
Package biblatex Info: Redefining '\parencite'.
Package biblatex Info: Redefining '\footcite'.
Package biblatex Info: Redefining '\footcitetext'.
Package biblatex Info: Redefining '\smartcite'.
Package biblatex Info: Redefining '\textcite'.
Package biblatex Info: Redefining '\textcites'.
)
Package biblatex Info: Trying to load configuration file...
Package biblatex Info: ... file 'biblatex.cfg' found.

(/usr/share/texmf-dist/tex/latex/biblatex/biblatex.cfg
File: biblatex.cfg 
))
(/usr/share/texmf-dist/tex/latex/tools/longtable.sty
Package: longtable 2020/01/07 v4.13 Multi-page Table package (DPC)
\LTleft=\skip71
\LTright=\skip72
\LTpre=\skip73
\LTpost=\skip74
\LTchunksize=\count376
\LTcapwidth=\dimen148
\LT@head=\box47
\LT@firsthead=\box48
\LT@foot=\box49
\LT@lastfoot=\box50
\LT@cols=\count377
\LT@rows=\count378
\c@LT@tables=\count379
\c@LT@chunks=\count380
\LT@p@ftn=\toks19
)
(/usr/share/texmf-dist/tex/latex/tools/array.sty
Package: array 2019/08/31 v2.4l Tabular extension package (FMi)
\col@sep=\dimen149
\ar@mcellbox=\box51
\extrarowheight=\dimen150
\NC@list=\toks20
\extratabsurround=\skip75
\backup@length=\skip76
\ar@cellbox=\box52
)
(/usr/share/texmf-dist/tex/latex/fancyhdr/fancyhdr.sty
Package: fancyhdr 2019/01/31 v3.10 Extensive control of page headers and footer
s
\f@nch@headwidth=\skip77
\f@nch@O@elh=\skip78
\f@nch@O@erh=\skip79
\f@nch@O@olh=\skip80
\f@nch@O@orh=\skip81
\f@nch@O@elf=\skip82
\f@nch@O@erf=\skip83
\f@nch@O@olf=\skip84
\f@nch@O@orf=\skip85
)
(/usr/share/texmf-dist/tex/latex/ltablex/ltablex.sty
Package: ltablex 2014/08/13 v1.1 Modified tabularx

(/usr/share/texmf-dist/tex/latex/tools/tabularx.sty
Package: tabularx 2020/01/15 v2.11c `tabularx' package (DPC)
\TX@col@width=\dimen151
\TX@old@table=\dimen152
\TX@old@col=\dimen153
\TX@target=\dimen154
\TX@delta=\dimen155
\TX@cols=\count381
\TX@ftn=\toks21
))
(/usr/share/texmf-dist/tex/latex/geometry/geometry.sty
Package: geometry 2020/01/02 v5.9 Page Geometry

(/usr/share/texmf-dist/tex/generic/iftex/ifvtex.sty
Package: ifvtex 2019/10/25 v1.7 ifvtex legacy package. Use iftex instead.
)
\Gm@cnth=\count382
\Gm@cntv=\count383
\c@Gm@tempcnt=\count384
\Gm@bindingoffset=\dimen156
\Gm@wd@mp=\dimen157
\Gm@odd@mp=\dimen158
\Gm@even@mp=\dimen159
\Gm@layoutwidth=\dimen160
\Gm@layoutheight=\dimen161
\Gm@layouthoffset=\dimen162
\Gm@layoutvoffset=\dimen163
\Gm@dimlist=\toks22
)
(/usr/share/texmf-dist/tex/latex/minted/minted.sty
Package: minted 2017/07/19 v2.5 Yet another Pygments shim for LaTeX

(/usr/share/texmf-dist/tex/latex/fvextra/fvextra.sty
Package: fvextra 2019/02/04 v1.4 fvextra - extensions and patches for fancyvrb

(/usr/share/texmf-dist/tex/latex/fancyvrb/fancyvrb.sty
Package: fancyvrb 2020/05/03 v3.6 verbatim text (tvz,hv)
\FV@CodeLineNo=\count385
\FV@InFile=\read3
\FV@TabBox=\box53
\c@FancyVerbLine=\count386
\FV@StepNumber=\count387
\FV@OutFile=\write4
)
(/usr/share/texmf-dist/tex/latex/upquote/upquote.sty
Package: upquote 2012/04/19 v1.3 upright-quote and grave-accent glyphs in verba
tim

(/usr/share/texmf-dist/tex/latex/base/textcomp.sty
Package: textcomp 2020/02/02 v2.0n Standard LaTeX package
))
(/usr/share/texmf-dist/tex/latex/lineno/lineno.sty
Package: lineno 2005/11/02 line numbers on paragraphs v4.41
\linenopenalty=\count388
\output=\toks23
\linenoprevgraf=\count389
\linenumbersep=\dimen164
\linenumberwidth=\dimen165
\c@linenumber=\count390
\c@pagewiselinenumber=\count391
\c@LN@truepage=\count392
\c@internallinenumber=\count393
\c@internallinenumbers=\count394
\quotelinenumbersep=\dimen166
\bframerule=\dimen167
\bframesep=\dimen168
\bframebox=\box54
LaTeX Info: Redefining \\ on input line 3056.
)
\c@FV@TrueTabGroupLevel=\count395
\c@FV@TrueTabCounter=\count396
\FV@TabBox@Group=\box55
\FV@TmpLength=\skip86
\c@FV@HighlightLinesStart=\count397
\c@FV@HighlightLinesStop=\count398
\FV@LoopCount=\count399
\FV@NCharsBox=\box56
\FV@BreakIndent=\dimen169
\FV@BreakIndentNChars=\count400
\FV@BreakSymbolSepLeft=\dimen170
\FV@BreakSymbolSepLeftNChars=\count401
\FV@BreakSymbolSepRight=\dimen171
\FV@BreakSymbolSepRightNChars=\count402
\FV@BreakSymbolIndentLeft=\dimen172
\FV@BreakSymbolIndentLeftNChars=\count403
\FV@BreakSymbolIndentRight=\dimen173
\FV@BreakSymbolIndentRightNChars=\count404
\c@FancyVerbLineBreakLast=\count405
\FV@LineBox=\box57
\FV@LineIndentBox=\box58
\FV@LineWidth=\dimen174
)
(/usr/share/texmf-dist/tex/latex/tools/calc.sty
Package: calc 2017/05/25 v4.3 Infix arithmetic (KKT,FJ)
\calc@Acount=\count406
\calc@Bcount=\count407
\calc@Adimen=\dimen175
\calc@Bdimen=\dimen176
\calc@Askip=\skip87
\calc@Bskip=\skip88
LaTeX Info: Redefining \setlength on input line 80.
LaTeX Info: Redefining \addtolength on input line 81.
\calc@Ccount=\count408
\calc@Cskip=\skip89
)
(/usr/share/texmf-dist/tex/latex/tools/shellesc.sty
Package: shellesc 2019/11/08 v1.0c unified shell escape interface for LaTeX
Package shellesc Info: Unrestricted shell escape enabled on input line 75.
)
(/usr/share/texmf-dist/tex/latex/ifplatform/ifplatform.sty
Package: ifplatform 2017/10/13 v0.4a Testing for the operating system

(/usr/share/texmf-dist/tex/generic/catchfile/catchfile.sty
Package: catchfile 2019/12/09 v1.8 Catch the contents of a file (HO)

(/usr/share/texmf-dist/tex/generic/etexcmds/etexcmds.sty
Package: etexcmds 2019/12/15 v1.7 Avoid name clashes with e-TeX commands (HO)
))
(/usr/share/texmf-dist/tex/generic/iftex/ifluatex.sty
Package: ifluatex 2019/10/25 v1.5 ifluatex legacy package. Use iftex instead.
)
runsystem(uname -s > "main.w18")...executed.

 (./main.w18)
runsystem(rm -- "main.w18")...executed.

)
(/usr/share/texmf-dist/tex/generic/xstring/xstring.sty
(/usr/share/texmf-dist/tex/generic/xstring/xstring.tex
\integerpart=\count409
\decimalpart=\count410
)
Package: xstring 2019/02/06 v1.83 String manipulations (CT)
)
(/usr/share/texmf-dist/tex/latex/framed/framed.sty
Package: framed 2011/10/22 v 0.96: framed or shaded text with page breaks
\OuterFrameSep=\skip90
\fb@frw=\dimen177
\fb@frh=\dimen178
\FrameRule=\dimen179
\FrameSep=\dimen180
)
(/usr/share/texmf-dist/tex/latex/newfloat/newfloat.sty
Package: newfloat 2019/09/02 v1.1l Defining new floating environments (AR)
)
\minted@appexistsfile=\read4
\minted@bgbox=\box59
\minted@code=\write5
\c@minted@FancyVerbLineTemp=\count411
\c@minted@pygmentizecounter=\count412
Package newfloat Info: New float `listing' with options `fileext=lol,placement=
tbp' on input line 1151.
\c@listing=\count413
\newfloat@ftype=\count414
Package newfloat Info: float type `listing'=8 on input line 1151.
)
runsystem(mkdir -p _minted-main)...executed.


(/usr/share/texmf-dist/tex/latex/hyperref/hyperref.sty
Package: hyperref 2020-05-15 v7.00e Hypertext links for LaTeX

(/usr/share/texmf-dist/tex/generic/kvdefinekeys/kvdefinekeys.sty
Package: kvdefinekeys 2019-12-19 v1.6 Define keys (HO)
)
(/usr/share/texmf-dist/tex/generic/pdfescape/pdfescape.sty
Package: pdfescape 2019/12/09 v1.15 Implements pdfTeX's escape features (HO)
)
(/usr/share/texmf-dist/tex/latex/hycolor/hycolor.sty
Package: hycolor 2020-01-27 v1.10 Color options for hyperref/bookmark (HO)
)
(/usr/share/texmf-dist/tex/latex/letltxmacro/letltxmacro.sty
Package: letltxmacro 2019/12/03 v1.6 Let assignment for LaTeX macros (HO)
)
(/usr/share/texmf-dist/tex/latex/auxhook/auxhook.sty
Package: auxhook 2019-12-17 v1.6 Hooks for auxiliary files (HO)
)
\@linkdim=\dimen181
\Hy@linkcounter=\count415
\Hy@pagecounter=\count416

(/usr/share/texmf-dist/tex/latex/hyperref/pd1enc.def
File: pd1enc.def 2020-05-15 v7.00e Hyperref: PDFDocEncoding definition (HO)
Now handling font encoding PD1 ...
... no UTF-8 mapping file for font encoding PD1
)
(/usr/share/texmf-dist/tex/generic/intcalc/intcalc.sty
Package: intcalc 2019/12/15 v1.3 Expandable calculations with integers (HO)
)
\Hy@SavedSpaceFactor=\count417
Package hyperref Info: Hyper figures OFF on input line 4464.
Package hyperref Info: Link nesting OFF on input line 4469.
Package hyperref Info: Hyper index ON on input line 4472.
Package hyperref Info: Plain pages OFF on input line 4479.
Package hyperref Info: Backreferencing OFF on input line 4484.
Package hyperref Info: Implicit mode ON; LaTeX internals redefined.
Package hyperref Info: Bookmarks ON on input line 4717.
\c@Hy@tempcnt=\count418
LaTeX Info: Redefining \url on input line 5076.
\XeTeXLinkMargin=\dimen182

(/usr/share/texmf-dist/tex/generic/bitset/bitset.sty
Package: bitset 2019/12/09 v1.3 Handle bit-vector datatype (HO)

(/usr/share/texmf-dist/tex/generic/bigintcalc/bigintcalc.sty
Package: bigintcalc 2019/12/15 v1.5 Expandable calculations on big integers (HO
)
))
\Fld@menulength=\count419
\Field@Width=\dimen183
\Fld@charsize=\dimen184
Package hyperref Info: Hyper figures OFF on input line 6347.
Package hyperref Info: Link nesting OFF on input line 6352.
Package hyperref Info: Hyper index ON on input line 6355.
Package hyperref Info: backreferencing OFF on input line 6362.
Package hyperref Info: Link coloring OFF on input line 6367.
Package hyperref Info: Link coloring with OCG OFF on input line 6372.
Package hyperref Info: PDF/A mode OFF on input line 6377.
LaTeX Info: Redefining \ref on input line 6417.
LaTeX Info: Redefining \pageref on input line 6421.

(/usr/share/texmf-dist/tex/generic/atbegshi/atbegshi.sty
Package: atbegshi 2019/12/05 v1.19 At begin shipout hook (HO)
)
\Hy@abspage=\count420
\c@Item=\count421
\c@Hfootnote=\count422
)
Package hyperref Info: Driver (autodetected): hpdftex.

(/usr/share/texmf-dist/tex/latex/hyperref/hpdftex.def
File: hpdftex.def 2020-05-15 v7.00e Hyperref driver for pdfTeX

(/usr/share/texmf-dist/tex/latex/atveryend/atveryend.sty
Package: atveryend 2019-12-11 v1.11 Hooks at the very end of document (HO)
)
\Fld@listcount=\count423
\c@bookmark@seq@number=\count424

(/usr/share/texmf-dist/tex/latex/rerunfilecheck/rerunfilecheck.sty
Package: rerunfilecheck 2019/12/05 v1.9 Rerun checks for auxiliary files (HO)

(/usr/share/texmf-dist/tex/generic/uniquecounter/uniquecounter.sty
Package: uniquecounter 2019/12/15 v1.4 Provide unlimited unique counter (HO)
)
Package uniquecounter Info: New unique counter `rerunfilecheck' on input line 2
86.
)
\Hy@SectionHShift=\skip91
)
(/usr/share/texmf-dist/tex/latex/lipsum/lipsum.sty
(/usr/share/texmf-dist/tex/latex/l3kernel/expl3.sty
Package: expl3 2020-06-03 L3 programming layer (loader) 

(/usr/share/texmf-dist/tex/latex/l3backend/l3backend-pdfmode.def
File: l3backend-pdfmode.def 2020-06-03 L3 backend support: PDF mode
\l__kernel_color_stack_int=\count425
\l__pdf_internal_box=\box60
))
(/usr/share/texmf-dist/tex/latex/l3packages/xparse/xparse.sty
Package: xparse 2020-05-15 L3 Experimental document command parser

(/usr/share/texmf-dist/tex/latex/l3packages/xparse/xparse-generic.tex
\l__xparse_current_arg_int=\count426
\g__xparse_grabber_int=\count427
\l__xparse_m_args_int=\count428
\l__xparse_v_nesting_int=\count429
))
Package: lipsum 2019/01/02 v2.2 150 paragraphs of Lorem Ipsum dummy text

(/usr/share/texmf-dist/tex/latex/lipsum/lipsum.ltd.tex
File: lipsum.ltd.tex 2019/01/02 v2.2 The Lorem ipsum dummy text
)))
\@quotelevel=\count430
\@quotereset=\count431

(/usr/share/texmf-dist/tex/latex/xcolor/xcolor.sty
Package: xcolor 2016/05/11 v2.12 LaTeX color extensions (UK)

(/usr/share/texmf-dist/tex/latex/graphics-cfg/color.cfg
File: color.cfg 2016/01/02 v1.6 sample color configuration
)
Package xcolor Info: Driver file: pdftex.def on input line 225.
Package xcolor Info: Model `cmy' substituted by `cmy0' on input line 1348.
Package xcolor Info: Model `hsb' substituted by `rgb' on input line 1352.
Package xcolor Info: Model `RGB' extended on input line 1364.
Package xcolor Info: Model `HTML' substituted by `rgb' on input line 1366.
Package xcolor Info: Model `Hsb' substituted by `hsb' on input line 1367.
Package xcolor Info: Model `tHsb' substituted by `hsb' on input line 1368.
Package xcolor Info: Model `HSB' substituted by `hsb' on input line 1369.
Package xcolor Info: Model `Gray' substituted by `gray' on input line 1370.
Package xcolor Info: Model `wave' substituted by `hsb' on input line 1371.
)
runsystem(which pygmentize && touch main.aex)...executed.

runsystem(rm main.aex)...executed.

 (./main.aux
(./titlepage.aux) (./copyright.aux) (./changelog.aux)
(./sections/Introduction.aux) (./sections/ClientApp.aux)
(./sections/figures.aux) (./sections/AI.aux) (./sections/tables.aux))
LaTeX Font Info:    Checking defaults for OML/cmm/m/it on input line 13.
LaTeX Font Info:    ... okay on input line 13.
LaTeX Font Info:    Checking defaults for OMS/cmsy/m/n on input line 13.
LaTeX Font Info:    ... okay on input line 13.
LaTeX Font Info:    Checking defaults for OT1/cmr/m/n on input line 13.
LaTeX Font Info:    ... okay on input line 13.
LaTeX Font Info:    Checking defaults for T1/cmr/m/n on input line 13.
LaTeX Font Info:    ... okay on input line 13.
LaTeX Font Info:    Checking defaults for TS1/cmr/m/n on input line 13.
LaTeX Font Info:    ... okay on input line 13.
LaTeX Font Info:    Checking defaults for OMX/cmex/m/n on input line 13.
LaTeX Font Info:    ... okay on input line 13.
LaTeX Font Info:    Checking defaults for U/cmr/m/n on input line 13.
LaTeX Font Info:    ... okay on input line 13.
LaTeX Font Info:    Checking defaults for PD1/pdf/m/n on input line 13.
LaTeX Font Info:    ... okay on input line 13.
LaTeX Font Info:    Trying to load font information for OT1+qhv on input line 1
3.

(/usr/share/texmf-dist/tex/latex/tex-gyre/ot1qhv.fd
File: ot1qhv.fd 2009/09/25 v1.2 font definition file for OT1/qhv
)
\c@lstlisting=\count432
Package caption Info: Begin \AtBeginDocument code.
Package caption Info: hyperref package is loaded.
Package caption Info: longtable package is loaded.

(/usr/share/texmf-dist/tex/latex/caption/ltcaption.sty
Package: ltcaption 2018/08/26 v1.4a longtable captions (AR)
)
Package caption Info: End \AtBeginDocument code.

(/usr/share/texmf-dist/tex/context/base/mkii/supp-pdf.mkii
[Loading MPS to PDF converter (version 2006.09.02).]
\scratchcounter=\count433
\scratchdimen=\dimen185
\scratchbox=\box61
\nofMPsegments=\count434
\nofMParguments=\count435
\everyMPshowfont=\toks24
\MPscratchCnt=\count436
\MPscratchDim=\dimen186
\MPnumerator=\count437
\makeMPintoPDFobject=\count438
\everyMPtoPDFconversion=\toks25
) (/usr/share/texmf-dist/tex/latex/epstopdf-pkg/epstopdf-base.sty
Package: epstopdf-base 2020-01-24 v2.11 Base part for package epstopdf
Package epstopdf-base Info: Redefining graphics rule for `.eps' on input line 4
85.

(/usr/share/texmf-dist/tex/latex/latexconfig/epstopdf-sys.cfg
File: epstopdf-sys.cfg 2010/07/13 v1.3 Configuration of (r)epstopdf for TeX Liv
e
))
Package biblatex Info: Trying to load language 'english'...
Package biblatex Info: ... file 'english.lbx' found.

(/usr/share/texmf-dist/tex/latex/biblatex/lbx/english.lbx
File: english.lbx 2019/12/01 v3.14 biblatex localization (PK/MW)
)
Package biblatex Info: Input encoding 'utf8' detected.
Package biblatex Info: Automatic encoding selection.
(biblatex)             Assuming data encoding 'utf8'.
Package biblatex Info: Input encoding 'utf8' specified.
Package biblatex Info: Data encoding 'utf8' specified.
(biblatex)             No need to reencode data.
Package biblatex Info: Trying to load bibliographic data...
Package biblatex Info: ... file 'main.bbl' not found.

No file main.bbl.
Package biblatex Info: Reference section=0 on input line 13.
Package biblatex Info: Reference segment=0 on input line 13.
*geometry* driver: auto-detecting
*geometry* detected driver: pdftex
*geometry* verbose mode - [ preamble ] result:
* driver: pdftex
* paper: a4paper
* layout: <same size as paper>
* layoutoffset:(h,v)=(0.0pt,0.0pt)
* modes: includehead includefoot 
* h-part:(L,W,R)=(72.2698pt, 452.96826pt, 72.2698pt)
* v-part:(T,H,B)=(15.36429pt, 700.50725pt, 129.17531pt)
* \paperwidth=597.50787pt
* \paperheight=845.04684pt
* \textwidth=452.96826pt
* \textheight=633.50725pt
* \oddsidemargin=-0.00018pt
* \evensidemargin=-0.00018pt
* \topmargin=-56.9057pt
* \headheight=70.0pt
* \headsep=25.0pt
* \topskip=11.0pt
* \footskip=30.0pt
* \marginparwidth=50.0pt
* \marginparsep=10.0pt
* \columnsep=10.0pt
* \skip\footins=10.0pt plus 4.0pt minus 2.0pt
* \hoffset=0.0pt
* \voffset=0.0pt
* \mag=1000
* \@twocolumnfalse
* \@twosidefalse
* \@mparswitchfalse
* \@reversemarginfalse
* (1in=72.27pt=25.4mm, 1cm=28.453pt)

\AtBeginShipoutBox=\box62
Package hyperref Info: Link coloring OFF on input line 13.
(/usr/share/texmf-dist/tex/latex/hyperref/nameref.sty
Package: nameref 2019/09/16 v2.46 Cross-referencing by name of section

(/usr/share/texmf-dist/tex/latex/refcount/refcount.sty
Package: refcount 2019/12/15 v3.6 Data extraction from label references (HO)
)
(/usr/share/texmf-dist/tex/generic/gettitlestring/gettitlestring.sty
Package: gettitlestring 2019/12/15 v1.6 Cleanup title references (HO)
)
\c@section@level=\count439
)
LaTeX Info: Redefining \ref on input line 13.
LaTeX Info: Redefining \pageref on input line 13.
LaTeX Info: Redefining \nameref on input line 13.

(./main.out) (./main.out)
\@outlinefile=\write6
 (./titlepage.tex
<./pictures/logo.png, id=100, 523.9575pt x 87.32625pt>
File: ./pictures/logo.png Graphic file (type png)
<use ./pictures/logo.png>
Package pdftex.def Info: ./pictures/logo.png  used on input line 4.
(pdftex.def)             Requested size: 203.83434pt x 33.97182pt.
 [1




{/var/lib/texmf/fonts/map/pdftex/updmap/pdftex.map} <./pictures/logo.png>]) (./
copyright.tex)
Overfull \hbox (3.40697pt too wide) in paragraph at lines 1--20
\OT1/qhv/m/n/10.95 DOC-U-MENT MAY BE RE-PRO-DUCED, STORED IN INTO A RE-TRIEVAL 
SYS-TEM, OR TRANS-
 []


Overfull \hbox (0.63069pt too wide) in paragraph at lines 1--20
\OT1/qhv/m/n/10.95 CA-TIONS, TRADE-MARKS, COPY-RIGHTS, OR OTHER IN-TEL-LEC-TUAL
 PROP-ERTY RIGHTS
 []

<./pictures/pv.png, id=111, 123.46124pt x 65.49469pt>
File: ./pictures/pv.png Graphic file (type png)
<use ./pictures/pv.png>
Package pdftex.def Info: ./pictures/pv.png  used on input line 20.
(pdftex.def)             Requested size: 45.29958pt x 24.03076pt.
[1



 <./pictures/pv.png>] (./changelog.tex
Underfull \vbox (badness 10000) detected at line 14
 []

)
File: ./pictures/pv.png Graphic file (type png)
<use ./pictures/pv.png>
Package pdftex.def Info: ./pictures/pv.png  used on input line 21.
(pdftex.def)             Requested size: 45.29958pt x 24.03076pt.
 [2


] (./main.toc)
\tf@toc=\write7
File: ./pictures/pv.png Graphic file (type png)
<use ./pictures/pv.png>
Package pdftex.def Info: ./pictures/pv.png  used on input line 23.
(pdftex.def)             Requested size: 45.29958pt x 24.03076pt.
 [3

] (./main.lof)
\tf@lof=\write8
File: ./pictures/pv.png Graphic file (type png)
<use ./pictures/pv.png>
Package pdftex.def Info: ./pictures/pv.png  used on input line 24.
(pdftex.def)             Requested size: 45.29958pt x 24.03076pt.
 [4] (./main.lot)
\tf@lot=\write9
File: ./pictures/pv.png Graphic file (type png)
<use ./pictures/pv.png>
Package pdftex.def Info: ./pictures/pv.png  used on input line 25.
(pdftex.def)             Requested size: 45.29958pt x 24.03076pt.
 [5] (./main.lol)
\tf@lol=\write10
File: ./pictures/pv.png Graphic file (type png)
<use ./pictures/pv.png>
Package pdftex.def Info: ./pictures/pv.png  used on input line 26.
(pdftex.def)             Requested size: 45.29958pt x 24.03076pt.
 [6]
(./sections/Introduction.tex)
File: ./pictures/pv.png Graphic file (type png)
<use ./pictures/pv.png>
Package pdftex.def Info: ./pictures/pv.png  used on input line 30.
(pdftex.def)             Requested size: 45.29958pt x 24.03076pt.
 [7

] (./sections/ClientApp.tex
File: ./pictures/pv.png Graphic file (type png)
<use ./pictures/pv.png>
Package pdftex.def Info: ./pictures/pv.png  used on input line 36.
(pdftex.def)             Requested size: 45.29958pt x 24.03076pt.
 [8


])
File: ./pictures/pv.png Graphic file (type png)
<use ./pictures/pv.png>
Package pdftex.def Info: ./pictures/pv.png  used on input line 31.
(pdftex.def)             Requested size: 45.29958pt x 24.03076pt.
 [9]
File: ./pictures/pv.png Graphic file (type png)
<use ./pictures/pv.png>
Package pdftex.def Info: ./pictures/pv.png  used on input line 31.
(pdftex.def)             Requested size: 45.29958pt x 24.03076pt.
 [10]
(./sections/figures.tex
<./pictures/payment-solution.png, id=203, 1346.02875pt x 543.02875pt>
File: ./pictures/payment-solution.png Graphic file (type png)
<use ./pictures/payment-solution.png>
Package pdftex.def Info: ./pictures/payment-solution.png  used on input line 4.

(pdftex.def)             Requested size: 452.96826pt x 182.73813pt.
)
File: ./pictures/pv.png Graphic file (type png)
<use ./pictures/pv.png>
Package pdftex.def Info: ./pictures/pv.png  used on input line 32.
(pdftex.def)             Requested size: 45.29958pt x 24.03076pt.
 [11


 <./pictures/payment-solution.png>]
(./sections/AI.tex) (./sections/tables.tex
LaTeX Font Info:    Trying to load font information for OT1+pcr on input line 2
.

(/usr/share/texmf-dist/tex/latex/psnfss/ot1pcr.fd
File: ot1pcr.fd 2001/06/04 font definitions for OT1/pcr.
)
Underfull \vbox (badness 10000) detected at line 12
 []

)
File: ./pictures/pv.png Graphic file (type png)
<use ./pictures/pv.png>
Package pdftex.def Info: ./pictures/pv.png  used on input line 34.
(pdftex.def)             Requested size: 45.29958pt x 24.03076pt.
 [12




]

Package caption Warning: Unused \captionsetup[listing] on input line 40.
See the caption package documentation for explanation.

Package atveryend Info: Empty hook `BeforeClearDocument' on input line 37.
Package atveryend Info: Empty hook `AfterLastShipout' on input line 37.
(./main.aux (./titlepage.aux) (./copyright.aux) (./changelog.aux)
(./sections/Introduction.aux) (./sections/ClientApp.aux)
(./sections/figures.aux) (./sections/AI.aux) (./sections/tables.aux))
Package atveryend Info: Executing hook `AtVeryEndDocument' on input line 37.
Package atveryend Info: Executing hook `AtEndAfterFileList' on input line 37.
Package rerunfilecheck Info: File `main.out' has not changed.
(rerunfilecheck)             Checksum: 264C4E306DBCEA652FC893E2C30E2747;1720.
Package logreq Info: Writing requests to 'main.run.xml'.
 ) 
Here is how much of TeX's memory you used:
 19337 strings out of 480478
 346598 string characters out of 5905959
 980984 words of memory out of 5000000
 34962 multiletter control sequences out of 15000+600000
 568230 words of font info for 46 fonts, out of 8000000 for 9000
 1141 hyphenation exceptions out of 8191
 46i,15n,54p,1473b,743s stack positions out of 5000i,500n,10000p,200000b,80000s
{/usr/share/texmf-dist/fonts/enc/dvips/base/8r.enc}{/usr/share/texmf-dist/fon
ts/enc/dvips/tex-gyre/q-rm.enc}</usr/share/texmf-dist/fonts/type1/public/tex-gy
re/qhvb.pfb></usr/share/texmf-dist/fonts/type1/public/tex-gyre/qhvr.pfb></usr/s
hare/texmf-dist/fonts/type1/public/tex-gyre/qhvri.pfb></usr/share/texmf-dist/fo
nts/type1/urw/courier/ucrr8a.pfb>
Output written on main.pdf (13 pages, 176580 bytes).
PDF statistics:
 249 PDF objects out of 1000 (max. 8388607)
 221 compressed objects within 3 object streams
 60 named destinations out of 1000 (max. 500000)
 208 words of extra memory for PDF output out of 10000 (max. 10000000)

