\BOOKMARK [1][-]{section.1}{ChapterI:Introduction}{}% 1
\BOOKMARK [2][-]{subsection.1.1}{Context of the Project}{section.1}% 2
\BOOKMARK [3][-]{subsubsection.1.1.1}{Project context}{subsection.1.1}% 3
\BOOKMARK [3][-]{subsubsection.1.1.2}{Problem}{subsection.1.1}% 4
\BOOKMARK [3][-]{subsubsection.1.1.3}{Existing Solutions}{subsection.1.1}% 5
\BOOKMARK [3][-]{subsubsection.1.1.4}{Our Solution}{subsection.1.1}% 6
\BOOKMARK [2][-]{subsection.1.2}{Functional Study}{section.1}% 7
\BOOKMARK [3][-]{subsubsection.1.2.1}{Functional Needs}{subsection.1.2}% 8
\BOOKMARK [3][-]{subsubsection.1.2.2}{Non-Functional Needs}{subsection.1.2}% 9
\BOOKMARK [1][-]{section.2}{Flutter Development Phase}{}% 10
\BOOKMARK [2][-]{subsection.2.1}{Use-Case Diagram}{section.2}% 11
\BOOKMARK [3][-]{subsubsection.2.1.1}{Global Use-Case Diagram}{subsection.2.1}% 12
\BOOKMARK [3][-]{subsubsection.2.1.2}{Roles}{subsection.2.1}% 13
\BOOKMARK [3][-]{subsubsection.2.1.3}{Global Use-Case Diagram and Description}{subsection.2.1}% 14
\BOOKMARK [3][-]{subsubsection.2.1.4}{Detailed Use-Case Diagrams}{subsection.2.1}% 15
\BOOKMARK [2][-]{subsection.2.2}{Class Diagrams}{section.2}% 16
\BOOKMARK [3][-]{subsubsection.2.2.1}{Global Class Description}{subsection.2.2}% 17
\BOOKMARK [3][-]{subsubsection.2.2.2}{Detailed Class Diagrams}{subsection.2.2}% 18
\BOOKMARK [2][-]{subsection.2.3}{Sequence Diagrams}{section.2}% 19
\BOOKMARK [3][-]{subsubsection.2.3.1}{Global Sequence Description}{subsection.2.3}% 20
\BOOKMARK [3][-]{subsubsection.2.3.2}{Detailed Sequence Diagrams}{subsection.2.3}% 21
\BOOKMARK [2][-]{subsection.2.4}{Mockup}{section.2}% 22
\BOOKMARK [1][-]{section.3}{Tables}{}% 23
\BOOKMARK [2][-]{subsection.3.1}{Example}{section.3}% 24
